<?xml version="1.0" encoding="UTF-8"?>
<!-- Generated by org.testng.reporters.JUnitXMLReporter -->
<testsuite hostname="WKWIN6778060" name="BankingApp_Test" tests="1" failures="0" timestamp="30 Nov 2021 06:04:14 GMT" time="3.177" errors="0">
  <testcase name="@BeforeClass setup" time="0.0" classname="com.inetbanking.testCases.TC_LoginTest_001">
    <failure type="org.openqa.selenium.SessionNotCreatedException" message="session not created: This version of ChromeDriver only supports Chrome version 93
Current browser version is 96.0.4664.45 with binary path C:\Program Files (x86)\Google\Chrome\Application\chrome.exe
Build info: version: &amp;apos;3.141.59&amp;apos;, revision: &amp;apos;e82be7d358&amp;apos;, time: &amp;apos;2018-11-14T08:17:03&amp;apos;
System info: host: &amp;apos;WKWIN6778060&amp;apos;, ip: &amp;apos;10.213.11.204&amp;apos;, os.name: &amp;apos;Windows 10&amp;apos;, os.arch: &amp;apos;amd64&amp;apos;, os.version: &amp;apos;10.0&amp;apos;, java.version: &amp;apos;1.8.0_171&amp;apos;
Driver info: driver.version: ChromeDriver
remote stacktrace: Backtrace:
	Ordinal0 [0x0138A2D3+2663123]
	Ordinal0 [0x0131A491+2204817]
	Ordinal0 [0x01202118+1057048]
	Ordinal0 [0x0122041A+1180698]
	Ordinal0 [0x0121C335+1164085]
	Ordinal0 [0x01219B7F+1153919]
	Ordinal0 [0x01249D8F+1351055]
	Ordinal0 [0x012499FA+1350138]
	Ordinal0 [0x0124589B+1333403]
	Ordinal0 [0x01221F74+1187700]
	Ordinal0 [0x01222DC9+1191369]
	GetHandleVerifier [0x015230D6+1610054]
	GetHandleVerifier [0x015CB53B+2299307]
	GetHandleVerifier [0x01418DA9+519705]
	GetHandleVerifier [0x01417759+513993]
	Ordinal0 [0x0132112D+2232621]
	Ordinal0 [0x013255F8+2250232]
	Ordinal0 [0x01325732+2250546]
	Ordinal0 [0x0132E591+2286993]
	BaseThreadInitThunk [0x76BB0419+25]
	RtlGetAppContainerNamedObjectPath [0x774072ED+237]
	RtlGetAppContainerNamedObjectPath [0x774072BD+189]
">
      <![CDATA[org.openqa.selenium.SessionNotCreatedException: session not created: This version of ChromeDriver only supports Chrome version 93
Current browser version is 96.0.4664.45 with binary path C:\Program Files (x86)\Google\Chrome\Application\chrome.exe
Build info: version: '3.141.59', revision: 'e82be7d358', time: '2018-11-14T08:17:03'
System info: host: 'WKWIN6778060', ip: '10.213.11.204', os.name: 'Windows 10', os.arch: 'amd64', os.version: '10.0', java.version: '1.8.0_171'
Driver info: driver.version: ChromeDriver
remote stacktrace: Backtrace:
	Ordinal0 [0x0138A2D3+2663123]
	Ordinal0 [0x0131A491+2204817]
	Ordinal0 [0x01202118+1057048]
	Ordinal0 [0x0122041A+1180698]
	Ordinal0 [0x0121C335+1164085]
	Ordinal0 [0x01219B7F+1153919]
	Ordinal0 [0x01249D8F+1351055]
	Ordinal0 [0x012499FA+1350138]
	Ordinal0 [0x0124589B+1333403]
	Ordinal0 [0x01221F74+1187700]
	Ordinal0 [0x01222DC9+1191369]
	GetHandleVerifier [0x015230D6+1610054]
	GetHandleVerifier [0x015CB53B+2299307]
	GetHandleVerifier [0x01418DA9+519705]
	GetHandleVerifier [0x01417759+513993]
	Ordinal0 [0x0132112D+2232621]
	Ordinal0 [0x013255F8+2250232]
	Ordinal0 [0x01325732+2250546]
	Ordinal0 [0x0132E591+2286993]
	BaseThreadInitThunk [0x76BB0419+25]
	RtlGetAppContainerNamedObjectPath [0x774072ED+237]
	RtlGetAppContainerNamedObjectPath [0x774072BD+189]

	at org.openqa.selenium.remote.W3CHandshakeResponse.lambda$errorHandler$0(W3CHandshakeResponse.java:62)
	at org.openqa.selenium.remote.HandshakeResponse.lambda$getResponseFunction$0(HandshakeResponse.java:30)
	at org.openqa.selenium.remote.ProtocolHandshake.lambda$createSession$0(ProtocolHandshake.java:126)
	at java.util.stream.ReferencePipeline$3$1.accept(ReferencePipeline.java:193)
	at java.util.Spliterators$ArraySpliterator.tryAdvance(Spliterators.java:958)
	at java.util.stream.ReferencePipeline.forEachWithCancel(ReferencePipeline.java:126)
	at java.util.stream.AbstractPipeline.copyIntoWithCancel(AbstractPipeline.java:498)
	at java.util.stream.AbstractPipeline.copyInto(AbstractPipeline.java:485)
	at java.util.stream.AbstractPipeline.wrapAndCopyInto(AbstractPipeline.java:471)
	at java.util.stream.FindOps$FindOp.evaluateSequential(FindOps.java:152)
	at java.util.stream.AbstractPipeline.evaluate(AbstractPipeline.java:234)
	at java.util.stream.ReferencePipeline.findFirst(ReferencePipeline.java:464)
	at org.openqa.selenium.remote.ProtocolHandshake.createSession(ProtocolHandshake.java:128)
	at org.openqa.selenium.remote.ProtocolHandshake.createSession(ProtocolHandshake.java:74)
	at org.openqa.selenium.remote.HttpCommandExecutor.execute(HttpCommandExecutor.java:136)
	at org.openqa.selenium.remote.service.DriverCommandExecutor.execute(DriverCommandExecutor.java:83)
	at org.openqa.selenium.remote.RemoteWebDriver.execute(RemoteWebDriver.java:552)
	at org.openqa.selenium.remote.RemoteWebDriver.startSession(RemoteWebDriver.java:213)
	at org.openqa.selenium.remote.RemoteWebDriver.<init>(RemoteWebDriver.java:131)
	at org.openqa.selenium.chrome.ChromeDriver.<init>(ChromeDriver.java:181)
	at org.openqa.selenium.chrome.ChromeDriver.<init>(ChromeDriver.java:168)
	at org.openqa.selenium.chrome.ChromeDriver.<init>(ChromeDriver.java:123)
	at com.inetbanking.testCases.BaseClass.setup(BaseClass.java:42)
... Removed 29 stack frames]]>
    </failure>
  </testcase> <!-- @BeforeClass setup -->
  <testcase name="@AfterClass tearDown" time="0.0" classname="com.inetbanking.testCases.TC_LoginTest_001">
    <skipped/>
  </testcase> <!-- @AfterClass tearDown -->
  <testcase name="loginTest" time="0.002" classname="com.inetbanking.testCases.TC_LoginTest_001">
    <skipped/>
  </testcase> <!-- loginTest -->
</testsuite> <!-- BankingApp_Test -->
